<?xml version="1.0" encoding="UTF-8"?>
<!-- Generated by org.testng.reporters.JUnitXMLReporter -->
<testsuite ignored="0" hostname="DESKTOP-B0J7BCE" failures="0" tests="3" name="Default test" time="0.459" errors="0" timestamp="2023-09-25T15:40:22 IST">
  <testcase classname="exercise_3GivenByGurusir.QuestionNo32" name="getData" time="0.006"/>
  <testcase classname="exercise_3GivenByGurusir.QuestionNo32" name="getData" time="0.002"/>
  <testcase classname="exercise_3GivenByGurusir.QuestionNo32" name="getData" time="0.001"/>
</testsuite> <!-- Default test -->
